#
# There is insufficient memory for the Java Runtime Environment to continue.
# Native memory allocation (mmap) failed to map 134217728 bytes for Failed to commit area from 0x00000000a2400000 to 0x00000000aa400000 of length 134217728.
# Possible reasons:
#   The system is out of physical RAM or swap space
#   The process is running with CompressedOops enabled, and the Java Heap may be blocking the growth of the native heap
# Possible solutions:
#   Reduce memory load on the system
#   Increase physical memory or swap space
#   Check if swap backing store is full
#   Decrease Java heap size (-Xmx/-Xms)
#   Decrease number of Java threads
#   Decrease Java thread stack sizes (-Xss)
#   Set larger code cache with -XX:ReservedCodeCacheSize=
# This output file may be truncated or incomplete.
#
#  Out of Memory Error (./src/hotspot/os/windows/os_windows.cpp:3303), pid=2688, tid=17580
#
# JRE version:  (11.0.9.1+11) (build )
# Java VM: OpenJDK 64-Bit Server VM (11.0.9.1+11-b1145.63, mixed mode, sharing, tiered, compressed oops, g1 gc, windows-amd64)
# No core dump will be written. Minidumps are not enabled by default on client versions of Windows
#

---------------  S U M M A R Y ------------

Command Line: -Djava.rmi.server.hostname=127.0.0.1 -Duser.timezone=UTC -Xmx1500m -Xms128m -Dfile.encoding=UTF-8 com.intellij.database.remote.RemoteJdbcServer com.mysql.cj.jdbc.Driver

Host: Intel(R) Core(TM) i7-7500U CPU @ 2.70GHz, 4 cores, 15G,  Windows 10 , 64 bit Build 18362 (10.0.18362.1110)
Time: Mon Jan  4 01:02:30 2021 Afr. centrale Ouest elapsed time: 0.027317 seconds (0d 0h 0m 0s)

---------------  T H R E A D  ---------------

Current thread (0x0000017d02562800):  JavaThread "Unknown thread" [_thread_in_vm, id=17580, stack(0x0000004f15300000,0x0000004f15400000)]

Stack: [0x0000004f15300000,0x0000004f15400000]
Native frames: (J=compiled Java code, j=interpreted, Vv=VM code, C=native code)
V  [jvm.dll+0x5edd9a]
V  [jvm.dll+0x7229c5]
V  [jvm.dll+0x723f1d]
V  [jvm.dll+0x7245d3]
V  [jvm.dll+0x2431b8]
V  [jvm.dll+0x5eb234]
V  [jvm.dll+0x5e0325]
V  [jvm.dll+0x2fe60b]
V  [jvm.dll+0x2fe57a]
V  [jvm.dll+0x2fe452]
V  [jvm.dll+0x303346]
V  [jvm.dll+0x34ba83]
V  [jvm.dll+0x34c186]
V  [jvm.dll+0x34bb83]
V  [jvm.dll+0x2d9218]
V  [jvm.dll+0x2da3c7]
V  [jvm.dll+0x701a67]
V  [jvm.dll+0x70325c]
V  [jvm.dll+0x359049]
V  [jvm.dll+0x6e552e]
V  [jvm.dll+0x3c1353]
V  [jvm.dll+0x3c3571]
C  [jli.dll+0x5373]
C  [ucrtbase.dll+0x210b2]
C  [KERNEL32.DLL+0x17c24]
C  [ntdll.dll+0x6d4d1]


---------------  P R O C E S S  ---------------

Threads class SMR info:
_java_thread_list=0x0000017d02456d00, length=0, elements={
}

Java Threads: ( => current thread )

Other Threads:
  0x0000017d0257b000 GCTaskThread "GC Thread#0" [stack: 0x0000004f15400000,0x0000004f15500000] [id=14432]
  0x0000017d025a1800 ConcurrentGCThread "G1 Main Marker" [stack: 0x0000004f15500000,0x0000004f15600000] [id=12948]
  0x0000017d025a3000 ConcurrentGCThread "G1 Conc#0" [stack: 0x0000004f15600000,0x0000004f15700000] [id=13024]

[error occurred during error reporting (printing all threads), id 0xc0000005, EXCEPTION_ACCESS_VIOLATION (0xc0000005) at pc=0x00007ffdde679807]

VM state:not at safepoint (not fully initialized)

VM Mutex/Monitor currently owned by a thread:  ([mutex/lock_event])
[0x0000017d02561370] Heap_lock - owner thread: 0x0000017d02562800

Heap address: 0x00000000a2400000, size: 1500 MB, Compressed Oops mode: Non-zero based: 0x00000000a2400000
Narrow klass base: 0x0000000000000000, Narrow klass shift: 0

GC Heap History (0 events):
No events

Deoptimization events (0 events):
No events

Classes redefined (0 events):
No events

Internal exceptions (0 events):
No events

Events (1 events):
Event: 0.012 Loaded shared library C:\Users\HP\AppData\Local\JetBrains\Toolbox\apps\Rider\ch-0\203.6682.21\jbr\bin\zip.dll


Dynamic libraries:
0x00007ff779990000 - 0x00007ff77999a000 	C:\Users\HP\AppData\Local\JetBrains\Toolbox\apps\Rider\ch-0\203.6682.21\jbr\bin\java.exe
0x00007ffe79ac0000 - 0x00007ffe79cb0000 	C:\WINDOWS\SYSTEM32\ntdll.dll
0x00007ffe40150000 - 0x00007ffe40162000 	C:\Program Files\AVG\Antivirus\aswhook.dll
0x00007ffe78630000 - 0x00007ffe786e2000 	C:\WINDOWS\System32\KERNEL32.DLL
0x00007ffe76dd0000 - 0x00007ffe77075000 	C:\WINDOWS\System32\KERNELBASE.dll
0x00007ffe77080000 - 0x00007ffe7717a000 	C:\WINDOWS\System32\ucrtbase.dll
0x00007ffe6f810000 - 0x00007ffe6f829000 	C:\Users\HP\AppData\Local\JetBrains\Toolbox\apps\Rider\ch-0\203.6682.21\jbr\bin\jli.dll
0x00007ffe78920000 - 0x00007ffe78ab4000 	C:\WINDOWS\System32\USER32.dll
0x00007ffe76cf0000 - 0x00007ffe76d11000 	C:\WINDOWS\System32\win32u.dll
0x00007ffe78110000 - 0x00007ffe78136000 	C:\WINDOWS\System32\GDI32.dll
0x00007ffe76a50000 - 0x00007ffe76be6000 	C:\WINDOWS\System32\gdi32full.dll
0x00007ffe76c50000 - 0x00007ffe76cee000 	C:\WINDOWS\System32\msvcp_win.dll
0x00007ffe6f7d0000 - 0x00007ffe6f7e7000 	C:\Users\HP\AppData\Local\JetBrains\Toolbox\apps\Rider\ch-0\203.6682.21\jbr\bin\VCRUNTIME140.dll
0x00007ffe5f890000 - 0x00007ffe5fb14000 	C:\WINDOWS\WinSxS\amd64_microsoft.windows.common-controls_6595b64144ccf1df_6.0.18362.1256_none_9e7e379be45e40e2\COMCTL32.dll
0x00007ffe79000000 - 0x00007ffe7909e000 	C:\WINDOWS\System32\msvcrt.dll
0x00007ffe782f0000 - 0x00007ffe78626000 	C:\WINDOWS\System32\combase.dll
0x00007ffe78770000 - 0x00007ffe78890000 	C:\WINDOWS\System32\RPCRT4.dll
0x00007ffe77180000 - 0x00007ffe77201000 	C:\WINDOWS\System32\bcryptPrimitives.dll
0x00007ffe78890000 - 0x00007ffe788be000 	C:\WINDOWS\System32\IMM32.DLL
0x00007ffe63d60000 - 0x00007ffe63dfd000 	C:\Users\HP\AppData\Local\JetBrains\Toolbox\apps\Rider\ch-0\203.6682.21\jbr\bin\msvcp140.dll
0x00007ffdde390000 - 0x00007ffddee5e000 	C:\Users\HP\AppData\Local\JetBrains\Toolbox\apps\Rider\ch-0\203.6682.21\jbr\bin\server\jvm.dll
0x00007ffe78f50000 - 0x00007ffe78ff3000 	C:\WINDOWS\System32\ADVAPI32.dll
0x00007ffe78ac0000 - 0x00007ffe78b57000 	C:\WINDOWS\System32\sechost.dll
0x00007ffe79290000 - 0x00007ffe79298000 	C:\WINDOWS\System32\PSAPI.DLL
0x00007ffe6d560000 - 0x00007ffe6d569000 	C:\WINDOWS\SYSTEM32\WSOCK32.dll
0x00007ffe78d80000 - 0x00007ffe78def000 	C:\WINDOWS\System32\WS2_32.dll
0x00007ffe67fd0000 - 0x00007ffe67ff4000 	C:\WINDOWS\SYSTEM32\WINMM.dll
0x00007ffe70e30000 - 0x00007ffe70e3a000 	C:\WINDOWS\SYSTEM32\VERSION.dll
0x00007ffe680a0000 - 0x00007ffe680cd000 	C:\WINDOWS\SYSTEM32\WINMMBASE.dll
0x00007ffe77210000 - 0x00007ffe7725a000 	C:\WINDOWS\System32\cfgmgr32.dll
0x00007ffe769f0000 - 0x00007ffe76a01000 	C:\WINDOWS\System32\kernel.appcore.dll
0x00007ffe6f7f0000 - 0x00007ffe6f801000 	C:\Users\HP\AppData\Local\JetBrains\Toolbox\apps\Rider\ch-0\203.6682.21\jbr\bin\verify.dll
0x00007ffe75200000 - 0x00007ffe753f4000 	C:\WINDOWS\SYSTEM32\DBGHELP.DLL
0x00007ffe70180000 - 0x00007ffe701aa000 	C:\WINDOWS\SYSTEM32\dbgcore.DLL
0x00007ffe64340000 - 0x00007ffe64369000 	C:\Users\HP\AppData\Local\JetBrains\Toolbox\apps\Rider\ch-0\203.6682.21\jbr\bin\java.dll
0x00007ffe6f650000 - 0x00007ffe6f65b000 	C:\Users\HP\AppData\Local\JetBrains\Toolbox\apps\Rider\ch-0\203.6682.21\jbr\bin\jimage.dll
0x00007ffe6eae0000 - 0x00007ffe6eaf8000 	C:\Users\HP\AppData\Local\JetBrains\Toolbox\apps\Rider\ch-0\203.6682.21\jbr\bin\zip.dll

dbghelp: loaded successfully - version: 4.0.5 - missing functions: none
symbol engine: initialized successfully - sym options: 0x614 - pdb path: .;C:\Users\HP\AppData\Local\JetBrains\Toolbox\apps\Rider\ch-0\203.6682.21\jbr\bin;C:\WINDOWS\SYSTEM32;C:\Program Files\AVG\Antivirus;C:\WINDOWS\WinSxS\amd64_microsoft.windows.common-controls_6595b64144ccf1df_6.0.18362.1256_none_9e7e379be45e40e2;C:\Users\HP\AppData\Local\JetBrains\Toolbox\apps\Rider\ch-0\203.6682.21\jbr\bin\server

VM Arguments:
jvm_args: -Djava.rmi.server.hostname=127.0.0.1 -Duser.timezone=UTC -Xmx1500m -Xms128m -Dfile.encoding=UTF-8 
java_command: com.intellij.database.remote.RemoteJdbcServer com.mysql.cj.jdbc.Driver
java_class_path (initial): C:\Users\HP\AppData\Local\JetBrains\Toolbox\apps\Rider\ch-0\203.6682.21\lib\util.jar;C:\Users\HP\AppData\Local\JetBrains\Toolbox\apps\Rider\ch-0\203.6682.21\lib\trove4j.jar;C:\Users\HP\AppData\Local\JetBrains\Toolbox\apps\Rider\ch-0\203.6682.21\lib\groovy-2.5.11.jar;C:\Users\HP\AppData\Local\JetBrains\Toolbox\apps\Rider\ch-0\203.6682.21\plugins\DatabaseTools\lib\jdbc-console.jar;C:\Users\HP\AppData\Roaming\JetBrains\Rider2020.3\jdbc-drivers\MySQL ConnectorJ\8.0.21\mysql-connector-java-8.0.21.jar
Launcher Type: SUN_STANDARD

[Global flags]
     intx CICompilerCount                          = 3                                         {product} {ergonomic}
     uint ConcGCThreads                            = 1                                         {product} {ergonomic}
     uint G1ConcRefinementThreads                  = 4                                         {product} {ergonomic}
   size_t G1HeapRegionSize                         = 1048576                                   {product} {ergonomic}
    uintx GCDrainStackTargetSize                   = 64                                        {product} {ergonomic}
   size_t InitialHeapSize                          = 134217728                                 {product} {command line}
   size_t MarkStackSize                            = 4194304                                   {product} {ergonomic}
   size_t MaxHeapSize                              = 1572864000                                {product} {command line}
   size_t MinHeapDeltaBytes                        = 1048576                                   {product} {ergonomic}
    uintx NonNMethodCodeHeapSize                   = 5830732                                {pd product} {ergonomic}
    uintx NonProfiledCodeHeapSize                  = 122913754                              {pd product} {ergonomic}
    uintx ProfiledCodeHeapSize                     = 122913754                              {pd product} {ergonomic}
    uintx ReservedCodeCacheSize                    = 251658240                              {pd product} {ergonomic}
     bool SegmentedCodeCache                       = true                                      {product} {ergonomic}
     bool UseCompressedClassPointers               = true                                 {lp64_product} {ergonomic}
     bool UseCompressedOops                        = true                                 {lp64_product} {ergonomic}
     bool UseG1GC                                  = true                                      {product} {ergonomic}
     bool UseLargePagesIndividualAllocation        = false                                  {pd product} {ergonomic}

Logging:
Log output configuration:
 #0: stdout all=warning uptime,level,tags
 #1: stderr all=off uptime,level,tags

Environment Variables:
JAVA_HOME=C:\Program Files\Java\jdk1.8.0_231
PATH=C:\Program Files (x86)\Common Files\Oracle\Java\javapath;C:\ProgramData\Oracle\Java\javapath;C:\Program Files\Java\jdk1.7.0_80\bin;C:\WINDOWS\system32;C:\WINDOWS;C:\WINDOWS\System32\Wbem;C:\WINDOWS\System32\WindowsPowerShell\v1.0\;C:\WINDOWS\System32\OpenSSH\;C:\Program Files\dotnet\;C:\Program Files\Microsoft SQL Server\130\Tools\Binn\;C:\Program Files\Git\cmd;C:\Program Files\Intel\WiFi\bin\;C:\Program Files\Common Files\Intel\WirelessCommon\;C:\Program Files\nodejs\;C:\Program Files\Microsoft SQL Server\Client SDK\ODBC\170\Tools\Binn\;C:\Program Files (x86)\Microsoft SQL Server\150\Tools\Binn\;C:\Program Files\Microsoft SQL Server\150\Tools\Binn\;C:\Program Files\Microsoft SQL Server\150\DTS\Binn\;C:\Program Files\Microsoft SQL Server\Client SDK\ODBC\130\Tools\Binn\;C:\Program Files\Microsoft SQL Server\140\DTS\Binn\;C:\Program Files (x86)\Intel\Intel(R) Management Engine Components\DAL;C:\Program Files\Intel\Intel(R) Management Engine Components\DAL;C:\Program Files (x86)\Intel\Intel(R) Management Engine Components\IPT;C:\Program Files\Intel\Intel(R) Management Engine Components\IPT;C:\wamp64\bin\php\php7.4.9;C:\Program Files\MATLAB\R2018a\runtime\win64;C:\Program Files\MATLAB\R2018a\bin;C:\Program Files\MiKTeX 2.9\miktex\bin\x64\;C:\Program Files\Microsoft SQL Server\110\DTS\Binn\;C:\Program Files (x86)\Microsoft SQL Server\110\Tools\Binn\;C:\Program Files\Microsoft SQL Server\110\Tools\Binn\;C:\Program Files (x86)\Microsoft SQL Server\110\Tools\Binn\ManagementStudio\;C:\Program Files (x86)\Microsoft Visual Studio 10.0\Common7\IDE\PrivateAssemblies\;C:\Program Files (x86)\Microsoft SQL Server\110\DTS\Binn\;C:\Program Files\MongoDB\Server\4.2\bin;C:\Users\HP\Spark\bin;C:\Users\HP\hadoop-3.1.0\bin;C:\ProgramData\Anaconda3\Scripts;C:\ProgramData\Anaconda3;C:\composer;C:\Users\HP\AppData\Roaming\npm\node_modules\truffle\build;C:\Program Files\CMake\bin;C:\Program Files\OpenSSL-Win64\bin;C:\Users\HP\AppData\Roaming\npm;C:\Program Files\Docker\Docker\resources\bin;
USERNAME=Abdou Rahime
OS=Windows_NT
PROCESSOR_IDENTIFIER=Intel64 Family 6 Model 142 Stepping 9, GenuineIntel



---------------  S Y S T E M  ---------------

OS: Windows 10 , 64 bit Build 18362 (10.0.18362.1110)
OS uptime: 0 days 16:24 hours
HyperV virtualization detected

CPU:total 4 (initial active 4) (2 cores per cpu, 2 threads per core) family 6 model 142 stepping 9, cmov, cx8, fxsr, mmx, sse, sse2, sse3, ssse3, sse4.1, sse4.2, popcnt, avx, avx2, aes, clmul, erms, 3dnowpref, lzcnt, ht, tsc, tscinvbit, bmi1, bmi2, adx, fma

Memory: 4k page, system-wide physical 16268M (5224M free)
TotalPageFile size 19268M (AvailPageFile size 10M)
current process WorkingSet (physical memory assigned to process): 10M, peak: 10M
current process commit charge ("private bytes"): 51M, peak: 179M

vm_info: OpenJDK 64-Bit Server VM (11.0.9.1+11-b1145.63) for windows-amd64 JRE (11.0.9.1+11-b1145.63), built on Dec 21 2020 13:58:54 by "" with MS VC++ 14.0 (VS2015)

END.
